2025-03-22T01:03:41.969+08:00  INFO 29876 --- [main] com.zs.ProjectZsApplication              : Starting ProjectZsApplication using Java 17.0.14 with PID 29876 (D:\Users\Merri\Desktop\projet-zs\backend\target\classes started by Merri in D:\Users\Merri\Desktop\projet-zs\backend)
2025-03-22T01:03:41.972+08:00 DEBUG 29876 --- [main] com.zs.ProjectZsApplication              : Running with Spring Boot v3.2.7, Spring v6.1.4
2025-03-22T01:03:41.973+08:00  INFO 29876 --- [main] com.zs.ProjectZsApplication              : No active profile set, falling back to 1 default profile: "default"
2025-03-22T01:03:44.874+08:00  INFO 29876 --- [main] o.s.b.w.embedded.tomcat.TomcatWebServer  : Tomcat initialized with port 8080 (http)
2025-03-22T01:03:44.892+08:00  INFO 29876 --- [main] o.apache.catalina.core.StandardService   : Starting service [Tomcat]
2025-03-22T01:03:44.895+08:00  INFO 29876 --- [main] o.apache.catalina.core.StandardEngine    : Starting Servlet engine: [Apache Tomcat/10.1.25]
2025-03-22T01:03:45.068+08:00  INFO 29876 --- [main] o.a.c.c.C.[Tomcat].[localhost].[/]       : Initializing Spring embedded WebApplicationContext
2025-03-22T01:03:45.069+08:00  INFO 29876 --- [main] w.s.c.ServletWebServerApplicationContext : Root WebApplicationContext: initialization completed in 2797 ms
2025-03-22T01:03:45.672+08:00 DEBUG 29876 --- [main] c.zs.security.JwtAuthenticationFilter    : Filter 'jwtAuthenticationFilter' configured for use
2025-03-22T01:03:46.540+08:00  WARN 29876 --- [main] .s.s.UserDetailsServiceAutoConfiguration : 

Using generated security password: e4afc5d7-4164-4538-97c4-9d5ec39c9611

This generated password is for development use only. Your security configuration must be updated before running your application in production.

2025-03-22T01:03:46.977+08:00  INFO 29876 --- [main] o.s.s.web.DefaultSecurityFilterChain     : Will secure any request with [org.springframework.security.web.session.DisableEncodeUrlFilter@7c5ac0, org.springframework.security.web.context.request.async.WebAsyncManagerIntegrationFilter@23d978b, org.springframework.security.web.context.SecurityContextHolderFilter@7323c38c, org.springframework.security.web.header.HeaderWriterFilter@737ff5c4, org.springframework.web.filter.CorsFilter@3cf70afa, org.springframework.security.web.authentication.logout.LogoutFilter@51f4439e, com.zs.security.JwtAuthenticationFilter@9e62fb, org.springframework.security.web.savedrequest.RequestCacheAwareFilter@63a72cc6, org.springframework.security.web.servletapi.SecurityContextHolderAwareRequestFilter@61bd0845, org.springframework.security.web.authentication.AnonymousAuthenticationFilter@66dd04e2, org.springframework.security.web.session.SessionManagementFilter@50e1f3fc, org.springframework.security.web.access.ExceptionTranslationFilter@5018b56b, org.springframework.security.web.access.intercept.AuthorizationFilter@8315e4a]
2025-03-22T01:03:47.544+08:00  INFO 29876 --- [main] o.s.b.w.embedded.tomcat.TomcatWebServer  : Tomcat started on port 8080 (http) with context path ''
2025-03-22T01:03:47.559+08:00  INFO 29876 --- [main] com.zs.ProjectZsApplication              : Started ProjectZsApplication in 6.222 seconds (process running for 7.535)
2025-03-22T01:06:47.854+08:00  INFO 29876 --- [http-nio-8080-exec-1] o.a.c.c.C.[Tomcat].[localhost].[/]       : Initializing Spring DispatcherServlet 'dispatcherServlet'
2025-03-22T01:06:47.856+08:00  INFO 29876 --- [http-nio-8080-exec-1] o.s.web.servlet.DispatcherServlet        : Initializing Servlet 'dispatcherServlet'
2025-03-22T01:06:47.863+08:00  INFO 29876 --- [http-nio-8080-exec-1] o.s.web.servlet.DispatcherServlet        : Completed initialization in 6 ms
2025-03-22T01:06:47.996+08:00  INFO 29876 --- [http-nio-8080-exec-1] com.zaxxer.hikari.HikariDataSource       : HikariPool-1 - Starting...
2025-03-22T01:06:48.248+08:00  INFO 29876 --- [http-nio-8080-exec-1] com.zaxxer.hikari.pool.HikariPool        : HikariPool-1 - Added connection com.mysql.cj.jdbc.ConnectionImpl@44d4daa
2025-03-22T01:06:48.250+08:00  INFO 29876 --- [http-nio-8080-exec-1] com.zaxxer.hikari.HikariDataSource       : HikariPool-1 - Start completed.
2025-03-22T01:06:48.261+08:00 DEBUG 29876 --- [http-nio-8080-exec-1] c.z.m.AnnouncementMapper.findActive      : ==>  Preparing: SELECT * FROM announcement WHERE status = 1 AND (end_time IS NULL OR end_time >= NOW()) ORDER BY type = 'IMPORTANT' DESC, publish_time DESC
2025-03-22T01:06:48.307+08:00 DEBUG 29876 --- [http-nio-8080-exec-1] c.z.m.AnnouncementMapper.findActive      : ==> Parameters: 
2025-03-22T01:06:48.345+08:00 DEBUG 29876 --- [http-nio-8080-exec-1] c.z.m.AnnouncementMapper.findActive      : <==      Total: 3
2025-03-22T01:08:31.293+08:00 DEBUG 29876 --- [http-nio-8080-exec-4] c.zs.mapper.MajorInfoMapper.selectList   : ==>  Preparing: SELECT id,school_id,college_id,name,code,degree,duration,description,training_objectives,main_courses,career_prospects,icon_url,images,create_time,update_time FROM major_info
2025-03-22T01:08:31.294+08:00 DEBUG 29876 --- [http-nio-8080-exec-4] c.zs.mapper.MajorInfoMapper.selectList   : ==> Parameters: 
2025-03-22T01:08:31.305+08:00 DEBUG 29876 --- [http-nio-8080-exec-4] c.zs.mapper.MajorInfoMapper.selectList   : <==      Total: 4
2025-03-22T01:08:31.347+08:00 DEBUG 29876 --- [http-nio-8080-exec-6] c.zs.mapper.SchoolInfoMapper.selectList  : ==>  Preparing: SELECT id,name,code,type,level,province,city,address,description,website,create_time,update_time FROM school_info
2025-03-22T01:08:31.348+08:00 DEBUG 29876 --- [http-nio-8080-exec-6] c.zs.mapper.SchoolInfoMapper.selectList  : ==> Parameters: 
2025-03-22T01:08:31.354+08:00 DEBUG 29876 --- [http-nio-8080-exec-6] c.zs.mapper.SchoolInfoMapper.selectList  : <==      Total: 3
2025-03-22T01:08:35.059+08:00 DEBUG 29876 --- [http-nio-8080-exec-8] c.z.m.AdmissionPolicyMapper.selectList   : ==>  Preparing: SELECT id,school_id,year,province,plan_number,min_score,category,policy_content,create_time,update_time FROM admission_policy WHERE (school_id = ?)
2025-03-22T01:08:35.060+08:00 DEBUG 29876 --- [http-nio-8080-exec-8] c.z.m.AdmissionPolicyMapper.selectList   : ==> Parameters: 1(Long)
2025-03-22T01:08:35.066+08:00 DEBUG 29876 --- [http-nio-8080-exec-8] c.z.m.AdmissionPolicyMapper.selectList   : <==      Total: 5
2025-03-22T01:08:35.096+08:00 DEBUG 29876 --- [http-nio-8080-exec-10] c.zs.mapper.MajorScoreMapper.selectList  : ==>  Preparing: SELECT id,school_id,major_id,year,province,plan_number,min_score,max_score,province_control_line,first_subject,second_subject,create_time,update_time FROM major_score WHERE (year = ? AND school_id = ?)
2025-03-22T01:08:35.097+08:00 DEBUG 29876 --- [http-nio-8080-exec-10] c.zs.mapper.MajorScoreMapper.selectList  : ==> Parameters: 2024(Integer), 1(Long)
2025-03-22T01:08:35.110+08:00 DEBUG 29876 --- [http-nio-8080-exec-10] c.zs.mapper.MajorScoreMapper.selectList  : <==      Total: 6
2025-03-22T01:08:37.028+08:00 DEBUG 29876 --- [http-nio-8080-exec-2] c.z.m.AdmissionPolicyMapper.selectList   : ==>  Preparing: SELECT id,school_id,year,province,plan_number,min_score,category,policy_content,create_time,update_time FROM admission_policy WHERE (school_id = ?)
2025-03-22T01:08:37.028+08:00 DEBUG 29876 --- [http-nio-8080-exec-2] c.z.m.AdmissionPolicyMapper.selectList   : ==> Parameters: 2(Long)
2025-03-22T01:08:37.046+08:00 DEBUG 29876 --- [http-nio-8080-exec-2] c.z.m.AdmissionPolicyMapper.selectList   : <==      Total: 5
2025-03-22T01:08:37.127+08:00 DEBUG 29876 --- [http-nio-8080-exec-4] c.zs.mapper.MajorScoreMapper.selectList  : ==>  Preparing: SELECT id,school_id,major_id,year,province,plan_number,min_score,max_score,province_control_line,first_subject,second_subject,create_time,update_time FROM major_score WHERE (year = ? AND school_id = ?)
2025-03-22T01:08:37.128+08:00 DEBUG 29876 --- [http-nio-8080-exec-4] c.zs.mapper.MajorScoreMapper.selectList  : ==> Parameters: 2024(Integer), 2(Long)
2025-03-22T01:08:37.133+08:00 DEBUG 29876 --- [http-nio-8080-exec-4] c.zs.mapper.MajorScoreMapper.selectList  : <==      Total: 3
2025-03-22T01:08:38.530+08:00 DEBUG 29876 --- [http-nio-8080-exec-6] c.z.m.AdmissionPolicyMapper.selectList   : ==>  Preparing: SELECT id,school_id,year,province,plan_number,min_score,category,policy_content,create_time,update_time FROM admission_policy WHERE (school_id = ?)
2025-03-22T01:08:38.531+08:00 DEBUG 29876 --- [http-nio-8080-exec-6] c.z.m.AdmissionPolicyMapper.selectList   : ==> Parameters: 3(Long)
2025-03-22T01:08:38.535+08:00 DEBUG 29876 --- [http-nio-8080-exec-6] c.z.m.AdmissionPolicyMapper.selectList   : <==      Total: 3
2025-03-22T01:08:38.660+08:00 DEBUG 29876 --- [http-nio-8080-exec-8] c.zs.mapper.MajorScoreMapper.selectList  : ==>  Preparing: SELECT id,school_id,major_id,year,province,plan_number,min_score,max_score,province_control_line,first_subject,second_subject,create_time,update_time FROM major_score WHERE (year = ? AND school_id = ?)
2025-03-22T01:08:38.661+08:00 DEBUG 29876 --- [http-nio-8080-exec-8] c.zs.mapper.MajorScoreMapper.selectList  : ==> Parameters: 2024(Integer), 3(Long)
2025-03-22T01:08:38.664+08:00 DEBUG 29876 --- [http-nio-8080-exec-8] c.zs.mapper.MajorScoreMapper.selectList  : <==      Total: 2
2025-03-22T01:08:40.548+08:00 DEBUG 29876 --- [http-nio-8080-exec-9] c.z.m.AdmissionPolicyMapper.selectList   : ==>  Preparing: SELECT id,school_id,year,province,plan_number,min_score,category,policy_content,create_time,update_time FROM admission_policy WHERE (school_id = ?)
2025-03-22T01:08:40.549+08:00 DEBUG 29876 --- [http-nio-8080-exec-9] c.z.m.AdmissionPolicyMapper.selectList   : ==> Parameters: 1(Long)
2025-03-22T01:08:40.594+08:00 DEBUG 29876 --- [http-nio-8080-exec-9] c.z.m.AdmissionPolicyMapper.selectList   : <==      Total: 5
2025-03-22T01:11:26.297+08:00 DEBUG 29876 --- [http-nio-8080-exec-1] c.zs.mapper.MajorInfoMapper.selectList   : ==>  Preparing: SELECT id,school_id,college_id,name,code,degree,duration,description,training_objectives,main_courses,career_prospects,icon_url,images,create_time,update_time FROM major_info
2025-03-22T01:11:26.298+08:00 DEBUG 29876 --- [http-nio-8080-exec-1] c.zs.mapper.MajorInfoMapper.selectList   : ==> Parameters: 
2025-03-22T01:11:26.304+08:00 DEBUG 29876 --- [http-nio-8080-exec-1] c.zs.mapper.MajorInfoMapper.selectList   : <==      Total: 4
2025-03-22T01:11:26.522+08:00 DEBUG 29876 --- [http-nio-8080-exec-2] c.zs.mapper.SchoolInfoMapper.selectList  : ==>  Preparing: SELECT id,name,code,type,level,province,city,address,description,website,create_time,update_time FROM school_info
2025-03-22T01:11:26.523+08:00 DEBUG 29876 --- [http-nio-8080-exec-2] c.zs.mapper.SchoolInfoMapper.selectList  : ==> Parameters: 
2025-03-22T01:11:26.532+08:00 DEBUG 29876 --- [http-nio-8080-exec-2] c.zs.mapper.SchoolInfoMapper.selectList  : <==      Total: 3
2025-03-22T01:12:53.976+08:00 DEBUG 29876 --- [http-nio-8080-exec-4] c.zs.mapper.MajorInfoMapper.selectList   : ==>  Preparing: SELECT id,school_id,college_id,name,code,degree,duration,description,training_objectives,main_courses,career_prospects,icon_url,images,create_time,update_time FROM major_info
2025-03-22T01:12:53.977+08:00 DEBUG 29876 --- [http-nio-8080-exec-4] c.zs.mapper.MajorInfoMapper.selectList   : ==> Parameters: 
2025-03-22T01:12:53.980+08:00 DEBUG 29876 --- [http-nio-8080-exec-4] c.zs.mapper.MajorInfoMapper.selectList   : <==      Total: 4
2025-03-22T01:12:53.992+08:00 DEBUG 29876 --- [http-nio-8080-exec-5] c.z.m.AdmissionPolicyMapper.selectList   : ==>  Preparing: SELECT id,school_id,year,province,plan_number,min_score,category,policy_content,create_time,update_time FROM admission_policy WHERE (school_id = ?)
2025-03-22T01:12:53.993+08:00 DEBUG 29876 --- [http-nio-8080-exec-5] c.z.m.AdmissionPolicyMapper.selectList   : ==> Parameters: 1(Long)
2025-03-22T01:12:53.996+08:00 DEBUG 29876 --- [http-nio-8080-exec-5] c.z.m.AdmissionPolicyMapper.selectList   : <==      Total: 5
2025-03-22T01:12:54.013+08:00 DEBUG 29876 --- [http-nio-8080-exec-6] c.zs.mapper.MajorScoreMapper.selectList  : ==>  Preparing: SELECT id,school_id,major_id,year,province,plan_number,min_score,max_score,province_control_line,first_subject,second_subject,create_time,update_time FROM major_score WHERE (year = ? AND school_id = ?)
2025-03-22T01:12:54.014+08:00 DEBUG 29876 --- [http-nio-8080-exec-6] c.zs.mapper.MajorScoreMapper.selectList  : ==> Parameters: 2024(Integer), 1(Long)
2025-03-22T01:12:54.027+08:00 DEBUG 29876 --- [http-nio-8080-exec-6] c.zs.mapper.MajorScoreMapper.selectList  : <==      Total: 6
2025-03-22T01:18:19.445+08:00 DEBUG 29876 --- [http-nio-8080-exec-8] c.zs.mapper.MajorInfoMapper.selectList   : ==>  Preparing: SELECT id,school_id,college_id,name,code,degree,duration,description,training_objectives,main_courses,career_prospects,icon_url,images,create_time,update_time FROM major_info
2025-03-22T01:18:19.449+08:00 DEBUG 29876 --- [http-nio-8080-exec-8] c.zs.mapper.MajorInfoMapper.selectList   : ==> Parameters: 
2025-03-22T01:18:19.489+08:00 DEBUG 29876 --- [http-nio-8080-exec-8] c.zs.mapper.MajorInfoMapper.selectList   : <==      Total: 4
2025-03-22T01:18:19.542+08:00  WARN 29876 --- [http-nio-8080-exec-10] .w.s.m.s.DefaultHandlerExceptionResolver : Resolved [org.springframework.web.method.annotation.MethodArgumentTypeMismatchException: Failed to convert value of type 'java.lang.String' to required type 'java.lang.Long'; For input string: "undefined"]
2025-03-22T01:18:37.592+08:00 DEBUG 29876 --- [http-nio-8080-exec-1] c.zs.mapper.MajorInfoMapper.selectList   : ==>  Preparing: SELECT id,school_id,college_id,name,code,degree,duration,description,training_objectives,main_courses,career_prospects,icon_url,images,create_time,update_time FROM major_info
2025-03-22T01:18:37.592+08:00 DEBUG 29876 --- [http-nio-8080-exec-1] c.zs.mapper.MajorInfoMapper.selectList   : ==> Parameters: 
2025-03-22T01:18:37.595+08:00 DEBUG 29876 --- [http-nio-8080-exec-1] c.zs.mapper.MajorInfoMapper.selectList   : <==      Total: 4
2025-03-22T01:18:37.625+08:00  WARN 29876 --- [http-nio-8080-exec-2] .w.s.m.s.DefaultHandlerExceptionResolver : Resolved [org.springframework.web.method.annotation.MethodArgumentTypeMismatchException: Failed to convert value of type 'java.lang.String' to required type 'java.lang.Long'; For input string: "undefined"]
2025-03-22T01:19:13.844+08:00 DEBUG 29876 --- [http-nio-8080-exec-3] c.zs.mapper.MajorInfoMapper.selectList   : ==>  Preparing: SELECT id,school_id,college_id,name,code,degree,duration,description,training_objectives,main_courses,career_prospects,icon_url,images,create_time,update_time FROM major_info
2025-03-22T01:19:13.844+08:00 DEBUG 29876 --- [http-nio-8080-exec-3] c.zs.mapper.MajorInfoMapper.selectList   : ==> Parameters: 
2025-03-22T01:19:13.846+08:00 DEBUG 29876 --- [http-nio-8080-exec-3] c.zs.mapper.MajorInfoMapper.selectList   : <==      Total: 4
2025-03-22T01:19:13.862+08:00 DEBUG 29876 --- [http-nio-8080-exec-4] c.z.m.AdmissionPolicyMapper.selectList   : ==>  Preparing: SELECT id,school_id,year,province,plan_number,min_score,category,policy_content,create_time,update_time FROM admission_policy WHERE (school_id = ?)
2025-03-22T01:19:13.863+08:00 DEBUG 29876 --- [http-nio-8080-exec-4] c.z.m.AdmissionPolicyMapper.selectList   : ==> Parameters: 1(Long)
2025-03-22T01:19:13.867+08:00 DEBUG 29876 --- [http-nio-8080-exec-4] c.z.m.AdmissionPolicyMapper.selectList   : <==      Total: 5
2025-03-22T01:19:13.895+08:00 DEBUG 29876 --- [http-nio-8080-exec-5] c.zs.mapper.MajorScoreMapper.selectList  : ==>  Preparing: SELECT id,school_id,major_id,year,province,plan_number,min_score,max_score,province_control_line,first_subject,second_subject,create_time,update_time FROM major_score WHERE (year = ? AND school_id = ?)
2025-03-22T01:19:13.896+08:00 DEBUG 29876 --- [http-nio-8080-exec-5] c.zs.mapper.MajorScoreMapper.selectList  : ==> Parameters: 2024(Integer), 1(Long)
2025-03-22T01:19:13.900+08:00 DEBUG 29876 --- [http-nio-8080-exec-5] c.zs.mapper.MajorScoreMapper.selectList  : <==      Total: 6
2025-03-22T01:29:46.510+08:00 DEBUG 29876 --- [http-nio-8080-exec-7] c.zs.mapper.MajorInfoMapper.selectList   : ==>  Preparing: SELECT id,school_id,college_id,name,code,degree,duration,description,training_objectives,main_courses,career_prospects,icon_url,images,create_time,update_time FROM major_info
2025-03-22T01:29:46.511+08:00 DEBUG 29876 --- [http-nio-8080-exec-7] c.zs.mapper.MajorInfoMapper.selectList   : ==> Parameters: 
2025-03-22T01:29:46.529+08:00 DEBUG 29876 --- [http-nio-8080-exec-7] c.zs.mapper.MajorInfoMapper.selectList   : <==      Total: 4
2025-03-22T01:29:46.622+08:00  WARN 29876 --- [http-nio-8080-exec-9] .w.s.m.s.DefaultHandlerExceptionResolver : Resolved [org.springframework.web.method.annotation.MethodArgumentTypeMismatchException: Failed to convert value of type 'java.lang.String' to required type 'java.lang.Long'; For input string: "years"]
2025-03-22T01:40:06.242+08:00 DEBUG 29876 --- [http-nio-8080-exec-1] c.z.m.AnnouncementMapper.findActive      : ==>  Preparing: SELECT * FROM announcement WHERE status = 1 AND (end_time IS NULL OR end_time >= NOW()) ORDER BY type = 'IMPORTANT' DESC, publish_time DESC
2025-03-22T01:40:06.242+08:00 DEBUG 29876 --- [http-nio-8080-exec-1] c.z.m.AnnouncementMapper.findActive      : ==> Parameters: 
2025-03-22T01:40:06.352+08:00 DEBUG 29876 --- [http-nio-8080-exec-1] c.z.m.AnnouncementMapper.findActive      : <==      Total: 3
2025-03-22T01:40:11.708+08:00 DEBUG 29876 --- [http-nio-8080-exec-3] c.zs.mapper.AnnouncementMapper.findAll   : ==>  Preparing: SELECT * FROM announcement ORDER BY publish_time DESC
2025-03-22T01:40:11.708+08:00 DEBUG 29876 --- [http-nio-8080-exec-3] c.zs.mapper.AnnouncementMapper.findAll   : ==> Parameters: 
2025-03-22T01:40:11.714+08:00 DEBUG 29876 --- [http-nio-8080-exec-3] c.zs.mapper.AnnouncementMapper.findAll   : <==      Total: 3
2025-03-22T01:40:14.653+08:00 DEBUG 29876 --- [http-nio-8080-exec-4] com.zs.mapper.CollegeMapper.selectList   : ==>  Preparing: SELECT id,name,degree,duration,description,school_id,logo_url,banner_url,create_time,update_time FROM college
2025-03-22T01:40:14.654+08:00 DEBUG 29876 --- [http-nio-8080-exec-4] com.zs.mapper.CollegeMapper.selectList   : ==> Parameters: 
2025-03-22T01:40:14.667+08:00 DEBUG 29876 --- [http-nio-8080-exec-4] com.zs.mapper.CollegeMapper.selectList   : <==      Total: 5
2025-03-22T15:20:46.657+08:00  INFO 29876 --- [SpringApplicationShutdownHook] com.zaxxer.hikari.HikariDataSource       : HikariPool-1 - Shutdown initiated...
2025-03-22T15:20:46.680+08:00  INFO 29876 --- [SpringApplicationShutdownHook] com.zaxxer.hikari.HikariDataSource       : HikariPool-1 - Shutdown completed.
2025-03-22T15:23:13.011+08:00  INFO 28932 --- [main] com.zs.ProjectZsApplication              : Starting ProjectZsApplication using Java 17.0.14 with PID 28932 (D:\Users\Merri\Desktop\projet-zs\backend\target\classes started by Merri in D:\Users\Merri\Desktop\projet-zs\backend)
2025-03-22T15:23:13.013+08:00 DEBUG 28932 --- [main] com.zs.ProjectZsApplication              : Running with Spring Boot v3.2.7, Spring v6.1.4
2025-03-22T15:23:13.014+08:00  INFO 28932 --- [main] com.zs.ProjectZsApplication              : No active profile set, falling back to 1 default profile: "default"
2025-03-22T15:23:16.267+08:00  INFO 28932 --- [main] o.s.b.w.embedded.tomcat.TomcatWebServer  : Tomcat initialized with port 8080 (http)
2025-03-22T15:23:16.287+08:00  INFO 28932 --- [main] o.apache.catalina.core.StandardService   : Starting service [Tomcat]
2025-03-22T15:23:16.288+08:00  INFO 28932 --- [main] o.apache.catalina.core.StandardEngine    : Starting Servlet engine: [Apache Tomcat/10.1.25]
2025-03-22T15:23:16.396+08:00  INFO 28932 --- [main] o.a.c.c.C.[Tomcat].[localhost].[/]       : Initializing Spring embedded WebApplicationContext
2025-03-22T15:23:16.396+08:00  INFO 28932 --- [main] w.s.c.ServletWebServerApplicationContext : Root WebApplicationContext: initialization completed in 2982 ms
2025-03-22T15:23:17.057+08:00 DEBUG 28932 --- [main] c.zs.security.JwtAuthenticationFilter    : Filter 'jwtAuthenticationFilter' configured for use
2025-03-22T15:23:17.873+08:00  WARN 28932 --- [main] .s.s.UserDetailsServiceAutoConfiguration : 

Using generated security password: 21256d1d-c189-40b8-8cfb-aa3b8fce81a2

This generated password is for development use only. Your security configuration must be updated before running your application in production.

2025-03-22T15:23:18.276+08:00  INFO 28932 --- [main] o.s.s.web.DefaultSecurityFilterChain     : Will secure any request with [org.springframework.security.web.session.DisableEncodeUrlFilter@77a85e76, org.springframework.security.web.context.request.async.WebAsyncManagerIntegrationFilter@2cebf82f, org.springframework.security.web.context.SecurityContextHolderFilter@2d2f09a4, org.springframework.security.web.header.HeaderWriterFilter@3cf70afa, org.springframework.web.filter.CorsFilter@34fc315d, org.springframework.security.web.authentication.logout.LogoutFilter@5f82209e, com.zs.security.JwtAuthenticationFilter@45e11627, org.springframework.security.web.savedrequest.RequestCacheAwareFilter@215a0264, org.springframework.security.web.servletapi.SecurityContextHolderAwareRequestFilter@45832b85, org.springframework.security.web.authentication.AnonymousAuthenticationFilter@34f48d1, org.springframework.security.web.session.SessionManagementFilter@74eab077, org.springframework.security.web.access.ExceptionTranslationFilter@7c5ac0, org.springframework.security.web.access.intercept.AuthorizationFilter@399c408c]
2025-03-22T15:23:18.785+08:00  INFO 28932 --- [main] o.s.b.w.embedded.tomcat.TomcatWebServer  : Tomcat started on port 8080 (http) with context path ''
2025-03-22T15:23:18.797+08:00  INFO 28932 --- [main] com.zs.ProjectZsApplication              : Started ProjectZsApplication in 6.808 seconds (process running for 8.566)
2025-03-22T15:25:42.990+08:00  INFO 28932 --- [http-nio-8080-exec-2] o.a.c.c.C.[Tomcat].[localhost].[/]       : Initializing Spring DispatcherServlet 'dispatcherServlet'
2025-03-22T15:25:42.991+08:00  INFO 28932 --- [http-nio-8080-exec-2] o.s.web.servlet.DispatcherServlet        : Initializing Servlet 'dispatcherServlet'
2025-03-22T15:25:42.993+08:00  INFO 28932 --- [http-nio-8080-exec-2] o.s.web.servlet.DispatcherServlet        : Completed initialization in 1 ms
2025-03-22T15:25:43.352+08:00  INFO 28932 --- [http-nio-8080-exec-2] com.zaxxer.hikari.HikariDataSource       : HikariPool-1 - Starting...
2025-03-22T15:25:43.589+08:00  INFO 28932 --- [http-nio-8080-exec-2] com.zaxxer.hikari.pool.HikariPool        : HikariPool-1 - Added connection com.mysql.cj.jdbc.ConnectionImpl@47cdf6ed
2025-03-22T15:25:43.591+08:00  INFO 28932 --- [http-nio-8080-exec-2] com.zaxxer.hikari.HikariDataSource       : HikariPool-1 - Start completed.
2025-03-22T15:25:43.601+08:00 DEBUG 28932 --- [http-nio-8080-exec-2] c.z.m.AnnouncementMapper.findActive      : ==>  Preparing: SELECT * FROM announcement WHERE status = 1 AND (end_time IS NULL OR end_time >= NOW()) ORDER BY type = 'IMPORTANT' DESC, publish_time DESC
2025-03-22T15:25:43.647+08:00 DEBUG 28932 --- [http-nio-8080-exec-2] c.z.m.AnnouncementMapper.findActive      : ==> Parameters: 
2025-03-22T15:25:43.685+08:00 DEBUG 28932 --- [http-nio-8080-exec-2] c.z.m.AnnouncementMapper.findActive      : <==      Total: 3
2025-03-22T15:25:45.946+08:00 DEBUG 28932 --- [http-nio-8080-exec-1] c.z.m.AnnouncementMapper.findActive      : ==>  Preparing: SELECT * FROM announcement WHERE status = 1 AND (end_time IS NULL OR end_time >= NOW()) ORDER BY type = 'IMPORTANT' DESC, publish_time DESC
2025-03-22T15:25:45.947+08:00 DEBUG 28932 --- [http-nio-8080-exec-1] c.z.m.AnnouncementMapper.findActive      : ==> Parameters: 
2025-03-22T15:25:45.989+08:00 DEBUG 28932 --- [http-nio-8080-exec-1] c.z.m.AnnouncementMapper.findActive      : <==      Total: 3
2025-03-22T15:25:50.766+08:00 DEBUG 28932 --- [http-nio-8080-exec-5] com.zs.mapper.CollegeMapper.selectList   : ==>  Preparing: SELECT id,name,degree,duration,description,school_id,logo_url,banner_url,create_time,update_time FROM college
2025-03-22T15:25:50.768+08:00 DEBUG 28932 --- [http-nio-8080-exec-5] com.zs.mapper.CollegeMapper.selectList   : ==> Parameters: 
2025-03-22T15:25:50.785+08:00 DEBUG 28932 --- [http-nio-8080-exec-5] com.zs.mapper.CollegeMapper.selectList   : <==      Total: 5
2025-03-22T15:25:52.238+08:00 DEBUG 28932 --- [http-nio-8080-exec-7] com.zs.mapper.CollegeMapper.selectById   : ==>  Preparing: SELECT id,name,degree,duration,description,school_id,logo_url,banner_url,create_time,update_time FROM college WHERE id=?
2025-03-22T15:25:52.238+08:00 DEBUG 28932 --- [http-nio-8080-exec-7] com.zs.mapper.CollegeMapper.selectById   : ==> Parameters: 1(Long)
2025-03-22T15:25:52.298+08:00 DEBUG 28932 --- [http-nio-8080-exec-7] com.zs.mapper.CollegeMapper.selectById   : <==      Total: 1
2025-03-22T15:25:53.566+08:00 DEBUG 28932 --- [http-nio-8080-exec-8] com.zs.mapper.CollegeMapper.selectList   : ==>  Preparing: SELECT id,name,degree,duration,description,school_id,logo_url,banner_url,create_time,update_time FROM college
2025-03-22T15:25:53.567+08:00 DEBUG 28932 --- [http-nio-8080-exec-8] com.zs.mapper.CollegeMapper.selectList   : ==> Parameters: 
2025-03-22T15:25:53.574+08:00 DEBUG 28932 --- [http-nio-8080-exec-8] com.zs.mapper.CollegeMapper.selectList   : <==      Total: 5
2025-03-22T15:34:02.949+08:00 DEBUG 28932 --- [http-nio-8080-exec-10] com.zs.mapper.CollegeMapper.selectList   : ==>  Preparing: SELECT id,name,degree,duration,description,school_id,logo_url,banner_url,create_time,update_time FROM college
2025-03-22T15:34:02.950+08:00 DEBUG 28932 --- [http-nio-8080-exec-10] com.zs.mapper.CollegeMapper.selectList   : ==> Parameters: 
2025-03-22T15:34:02.956+08:00 DEBUG 28932 --- [http-nio-8080-exec-10] com.zs.mapper.CollegeMapper.selectList   : <==      Total: 5
2025-03-22T15:35:55.884+08:00 DEBUG 28932 --- [http-nio-8080-exec-1] com.zs.mapper.CollegeMapper.selectList   : ==>  Preparing: SELECT id,name,degree,duration,description,school_id,logo_url,banner_url,create_time,update_time FROM college
2025-03-22T15:35:55.884+08:00 DEBUG 28932 --- [http-nio-8080-exec-1] com.zs.mapper.CollegeMapper.selectList   : ==> Parameters: 
2025-03-22T15:35:55.966+08:00 DEBUG 28932 --- [http-nio-8080-exec-1] com.zs.mapper.CollegeMapper.selectList   : <==      Total: 5
2025-03-22T15:40:06.116+08:00 DEBUG 28932 --- [http-nio-8080-exec-4] com.zs.mapper.CollegeMapper.selectList   : ==>  Preparing: SELECT id,name,degree,duration,description,school_id,logo_url,banner_url,create_time,update_time FROM college
2025-03-22T15:40:06.116+08:00 DEBUG 28932 --- [http-nio-8080-exec-4] com.zs.mapper.CollegeMapper.selectList   : ==> Parameters: 
2025-03-22T15:40:06.149+08:00 DEBUG 28932 --- [http-nio-8080-exec-4] com.zs.mapper.CollegeMapper.selectList   : <==      Total: 5
2025-03-22T15:40:09.601+08:00 DEBUG 28932 --- [http-nio-8080-exec-5] com.zs.mapper.CollegeMapper.selectList   : ==>  Preparing: SELECT id,name,degree,duration,description,school_id,logo_url,banner_url,create_time,update_time FROM college
2025-03-22T15:40:09.601+08:00 DEBUG 28932 --- [http-nio-8080-exec-5] com.zs.mapper.CollegeMapper.selectList   : ==> Parameters: 
2025-03-22T15:40:09.606+08:00 DEBUG 28932 --- [http-nio-8080-exec-5] com.zs.mapper.CollegeMapper.selectList   : <==      Total: 5
2025-03-22T15:43:51.399+08:00 DEBUG 28932 --- [http-nio-8080-exec-10] c.zs.mapper.MajorInfoMapper.selectList   : ==>  Preparing: SELECT id,school_id,college_id,name,code,degree,duration,description,training_objectives,main_courses,career_prospects,icon_url,images,create_time,update_time FROM major_info WHERE (college_id = ?)
2025-03-22T15:43:51.400+08:00 DEBUG 28932 --- [http-nio-8080-exec-10] c.zs.mapper.MajorInfoMapper.selectList   : ==> Parameters: 1(Long)
2025-03-22T15:43:51.414+08:00 DEBUG 28932 --- [http-nio-8080-exec-10] c.zs.mapper.MajorInfoMapper.selectList   : <==      Total: 0
2025-03-22T15:44:02.899+08:00 DEBUG 28932 --- [http-nio-8080-exec-2] c.zs.mapper.MajorInfoMapper.selectList   : ==>  Preparing: SELECT id,school_id,college_id,name,code,degree,duration,description,training_objectives,main_courses,career_prospects,icon_url,images,create_time,update_time FROM major_info WHERE (college_id = ?)
2025-03-22T15:44:02.899+08:00 DEBUG 28932 --- [http-nio-8080-exec-2] c.zs.mapper.MajorInfoMapper.selectList   : ==> Parameters: 1(Long)
2025-03-22T15:44:02.901+08:00 DEBUG 28932 --- [http-nio-8080-exec-2] c.zs.mapper.MajorInfoMapper.selectList   : <==      Total: 0
2025-03-22T15:46:15.952+08:00 DEBUG 28932 --- [http-nio-8080-exec-3] c.zs.mapper.MajorInfoMapper.selectList   : ==>  Preparing: SELECT id,school_id,college_id,name,code,degree,duration,description,training_objectives,main_courses,career_prospects,icon_url,images,create_time,update_time FROM major_info WHERE (college_id = ?)
2025-03-22T15:46:15.952+08:00 DEBUG 28932 --- [http-nio-8080-exec-3] c.zs.mapper.MajorInfoMapper.selectList   : ==> Parameters: 1(Long)
2025-03-22T15:46:15.979+08:00 DEBUG 28932 --- [http-nio-8080-exec-3] c.zs.mapper.MajorInfoMapper.selectList   : <==      Total: 0
2025-03-22T15:46:19.732+08:00 DEBUG 28932 --- [http-nio-8080-exec-4] c.z.m.AnnouncementMapper.findActive      : ==>  Preparing: SELECT * FROM announcement WHERE status = 1 AND (end_time IS NULL OR end_time >= NOW()) ORDER BY type = 'IMPORTANT' DESC, publish_time DESC
2025-03-22T15:46:19.732+08:00 DEBUG 28932 --- [http-nio-8080-exec-4] c.z.m.AnnouncementMapper.findActive      : ==> Parameters: 
2025-03-22T15:46:19.886+08:00 DEBUG 28932 --- [http-nio-8080-exec-4] c.z.m.AnnouncementMapper.findActive      : <==      Total: 3
2025-03-22T15:46:23.451+08:00 DEBUG 28932 --- [http-nio-8080-exec-5] com.zs.mapper.CollegeMapper.selectList   : ==>  Preparing: SELECT id,name,degree,duration,description,school_id,logo_url,banner_url,create_time,update_time FROM college
2025-03-22T15:46:23.452+08:00 DEBUG 28932 --- [http-nio-8080-exec-5] com.zs.mapper.CollegeMapper.selectList   : ==> Parameters: 
2025-03-22T15:46:23.455+08:00 DEBUG 28932 --- [http-nio-8080-exec-5] com.zs.mapper.CollegeMapper.selectList   : <==      Total: 5
2025-03-22T15:46:25.379+08:00 DEBUG 28932 --- [http-nio-8080-exec-7] c.zs.mapper.MajorInfoMapper.selectList   : ==>  Preparing: SELECT id,school_id,college_id,name,code,degree,duration,description,training_objectives,main_courses,career_prospects,icon_url,images,create_time,update_time FROM major_info WHERE (college_id = ?)
2025-03-22T15:46:25.379+08:00 DEBUG 28932 --- [http-nio-8080-exec-7] c.zs.mapper.MajorInfoMapper.selectList   : ==> Parameters: 2(Long)
2025-03-22T15:46:25.434+08:00 DEBUG 28932 --- [http-nio-8080-exec-7] c.zs.mapper.MajorInfoMapper.selectList   : <==      Total: 0
2025-03-22T15:46:27.191+08:00 DEBUG 28932 --- [http-nio-8080-exec-8] com.zs.mapper.CollegeMapper.selectList   : ==>  Preparing: SELECT id,name,degree,duration,description,school_id,logo_url,banner_url,create_time,update_time FROM college
2025-03-22T15:46:27.193+08:00 DEBUG 28932 --- [http-nio-8080-exec-8] com.zs.mapper.CollegeMapper.selectList   : ==> Parameters: 
2025-03-22T15:46:27.226+08:00 DEBUG 28932 --- [http-nio-8080-exec-8] com.zs.mapper.CollegeMapper.selectList   : <==      Total: 5
2025-03-22T15:46:28.705+08:00 DEBUG 28932 --- [http-nio-8080-exec-9] c.zs.mapper.MajorInfoMapper.selectList   : ==>  Preparing: SELECT id,school_id,college_id,name,code,degree,duration,description,training_objectives,main_courses,career_prospects,icon_url,images,create_time,update_time FROM major_info WHERE (college_id = ?)
2025-03-22T15:46:28.705+08:00 DEBUG 28932 --- [http-nio-8080-exec-9] c.zs.mapper.MajorInfoMapper.selectList   : ==> Parameters: 1(Long)
2025-03-22T15:46:28.707+08:00 DEBUG 28932 --- [http-nio-8080-exec-9] c.zs.mapper.MajorInfoMapper.selectList   : <==      Total: 0
2025-03-22T15:47:21.841+08:00 DEBUG 28932 --- [http-nio-8080-exec-10] com.zs.mapper.CollegeMapper.selectList   : ==>  Preparing: SELECT id,name,degree,duration,description,school_id,logo_url,banner_url,create_time,update_time FROM college
2025-03-22T15:47:21.841+08:00 DEBUG 28932 --- [http-nio-8080-exec-10] com.zs.mapper.CollegeMapper.selectList   : ==> Parameters: 
2025-03-22T15:47:21.872+08:00 DEBUG 28932 --- [http-nio-8080-exec-10] com.zs.mapper.CollegeMapper.selectList   : <==      Total: 5
2025-03-22T15:47:24.086+08:00 DEBUG 28932 --- [http-nio-8080-exec-1] c.zs.mapper.MajorInfoMapper.selectList   : ==>  Preparing: SELECT id,school_id,college_id,name,code,degree,duration,description,training_objectives,main_courses,career_prospects,icon_url,images,create_time,update_time FROM major_info WHERE (college_id = ?)
2025-03-22T15:47:24.086+08:00 DEBUG 28932 --- [http-nio-8080-exec-1] c.zs.mapper.MajorInfoMapper.selectList   : ==> Parameters: 4(Long)
2025-03-22T15:47:24.092+08:00 DEBUG 28932 --- [http-nio-8080-exec-1] c.zs.mapper.MajorInfoMapper.selectList   : <==      Total: 2
2025-03-22T15:47:27.696+08:00 DEBUG 28932 --- [http-nio-8080-exec-3] com.zs.mapper.CollegeMapper.selectList   : ==>  Preparing: SELECT id,name,degree,duration,description,school_id,logo_url,banner_url,create_time,update_time FROM college
2025-03-22T15:47:27.697+08:00 DEBUG 28932 --- [http-nio-8080-exec-3] com.zs.mapper.CollegeMapper.selectList   : ==> Parameters: 
2025-03-22T15:47:27.700+08:00 DEBUG 28932 --- [http-nio-8080-exec-3] com.zs.mapper.CollegeMapper.selectList   : <==      Total: 5
2025-03-22T16:19:47.681+08:00 DEBUG 28932 --- [http-nio-8080-exec-5] com.zs.mapper.CollegeMapper.selectList   : ==>  Preparing: SELECT id,name,degree,duration,description,school_id,logo_url,banner_url,create_time,update_time FROM college
2025-03-22T16:19:47.681+08:00 DEBUG 28932 --- [http-nio-8080-exec-5] com.zs.mapper.CollegeMapper.selectList   : ==> Parameters: 
2025-03-22T16:19:47.697+08:00 DEBUG 28932 --- [http-nio-8080-exec-5] com.zs.mapper.CollegeMapper.selectList   : <==      Total: 5
2025-03-22T16:19:48.722+08:00 DEBUG 28932 --- [http-nio-8080-exec-6] com.zs.mapper.CollegeMapper.selectById   : ==>  Preparing: SELECT id,name,degree,duration,description,school_id,logo_url,banner_url,create_time,update_time FROM college WHERE id=?
2025-03-22T16:19:48.723+08:00 DEBUG 28932 --- [http-nio-8080-exec-6] com.zs.mapper.CollegeMapper.selectById   : ==> Parameters: 1(Long)
2025-03-22T16:19:48.731+08:00 DEBUG 28932 --- [http-nio-8080-exec-6] com.zs.mapper.CollegeMapper.selectById   : <==      Total: 1
2025-03-22T16:19:50.044+08:00 DEBUG 28932 --- [http-nio-8080-exec-7] com.zs.mapper.CollegeMapper.selectList   : ==>  Preparing: SELECT id,name,degree,duration,description,school_id,logo_url,banner_url,create_time,update_time FROM college
2025-03-22T16:19:50.044+08:00 DEBUG 28932 --- [http-nio-8080-exec-7] com.zs.mapper.CollegeMapper.selectList   : ==> Parameters: 
2025-03-22T16:19:50.048+08:00 DEBUG 28932 --- [http-nio-8080-exec-7] com.zs.mapper.CollegeMapper.selectList   : <==      Total: 5
2025-03-22T16:19:51.046+08:00 DEBUG 28932 --- [http-nio-8080-exec-8] c.zs.mapper.MajorInfoMapper.selectList   : ==>  Preparing: SELECT id,school_id,college_id,name,code,degree,duration,description,training_objectives,main_courses,career_prospects,icon_url,images,create_time,update_time FROM major_info WHERE (college_id = ?)
2025-03-22T16:19:51.046+08:00 DEBUG 28932 --- [http-nio-8080-exec-8] c.zs.mapper.MajorInfoMapper.selectList   : ==> Parameters: 1(Long)
2025-03-22T16:19:51.054+08:00 DEBUG 28932 --- [http-nio-8080-exec-8] c.zs.mapper.MajorInfoMapper.selectList   : <==      Total: 2
2025-03-22T16:19:52.436+08:00 DEBUG 28932 --- [http-nio-8080-exec-9] com.zs.mapper.CollegeMapper.selectList   : ==>  Preparing: SELECT id,name,degree,duration,description,school_id,logo_url,banner_url,create_time,update_time FROM college
2025-03-22T16:19:52.437+08:00 DEBUG 28932 --- [http-nio-8080-exec-9] com.zs.mapper.CollegeMapper.selectList   : ==> Parameters: 
2025-03-22T16:19:52.451+08:00 DEBUG 28932 --- [http-nio-8080-exec-9] com.zs.mapper.CollegeMapper.selectList   : <==      Total: 5
2025-03-22T16:19:53.162+08:00 DEBUG 28932 --- [http-nio-8080-exec-10] c.zs.mapper.MajorInfoMapper.selectList   : ==>  Preparing: SELECT id,school_id,college_id,name,code,degree,duration,description,training_objectives,main_courses,career_prospects,icon_url,images,create_time,update_time FROM major_info WHERE (college_id = ?)
2025-03-22T16:19:53.163+08:00 DEBUG 28932 --- [http-nio-8080-exec-10] c.zs.mapper.MajorInfoMapper.selectList   : ==> Parameters: 2(Long)
2025-03-22T16:19:53.167+08:00 DEBUG 28932 --- [http-nio-8080-exec-10] c.zs.mapper.MajorInfoMapper.selectList   : <==      Total: 2
2025-03-22T16:19:54.349+08:00 DEBUG 28932 --- [http-nio-8080-exec-2] com.zs.mapper.CollegeMapper.selectList   : ==>  Preparing: SELECT id,name,degree,duration,description,school_id,logo_url,banner_url,create_time,update_time FROM college
2025-03-22T16:19:54.349+08:00 DEBUG 28932 --- [http-nio-8080-exec-2] com.zs.mapper.CollegeMapper.selectList   : ==> Parameters: 
2025-03-22T16:19:54.353+08:00 DEBUG 28932 --- [http-nio-8080-exec-2] com.zs.mapper.CollegeMapper.selectList   : <==      Total: 5
2025-03-22T16:19:55.233+08:00 DEBUG 28932 --- [http-nio-8080-exec-1] com.zs.mapper.CollegeMapper.selectById   : ==>  Preparing: SELECT id,name,degree,duration,description,school_id,logo_url,banner_url,create_time,update_time FROM college WHERE id=?
2025-03-22T16:19:55.234+08:00 DEBUG 28932 --- [http-nio-8080-exec-1] com.zs.mapper.CollegeMapper.selectById   : ==> Parameters: 1(Long)
2025-03-22T16:19:55.237+08:00 DEBUG 28932 --- [http-nio-8080-exec-1] com.zs.mapper.CollegeMapper.selectById   : <==      Total: 1
2025-03-22T16:22:12.692+08:00 DEBUG 28932 --- [http-nio-8080-exec-5] com.zs.mapper.CollegeMapper.updateById   : ==>  Preparing: UPDATE college SET name=?, degree=?, duration=?, description=?, school_id=?, logo_url=?, create_time=?, update_time=? WHERE id=?
2025-03-22T16:22:12.695+08:00 DEBUG 28932 --- [http-nio-8080-exec-5] com.zs.mapper.CollegeMapper.updateById   : ==> Parameters: 航运学院(String), 本科(String), 4(String), 航运学院致力于培养航运领域的高素质人才，拥有完善的教学设施和优秀的师资力量。(String), 1(Long), blob:http://localhost:8082/9bf16681-e5b2-4b3c-bb14-1d92988a4fb0(String), 2025-03-20T02:09:49(LocalDateTime), 2025-03-20T02:09:49(LocalDateTime), 1(Long)
2025-03-22T16:22:12.719+08:00 DEBUG 28932 --- [http-nio-8080-exec-5] com.zs.mapper.CollegeMapper.updateById   : <==    Updates: 1
2025-03-22T16:22:14.334+08:00 DEBUG 28932 --- [http-nio-8080-exec-6] com.zs.mapper.CollegeMapper.selectList   : ==>  Preparing: SELECT id,name,degree,duration,description,school_id,logo_url,banner_url,create_time,update_time FROM college
2025-03-22T16:22:14.334+08:00 DEBUG 28932 --- [http-nio-8080-exec-6] com.zs.mapper.CollegeMapper.selectList   : ==> Parameters: 
2025-03-22T16:22:14.344+08:00 DEBUG 28932 --- [http-nio-8080-exec-6] com.zs.mapper.CollegeMapper.selectList   : <==      Total: 5
